[
  {
    "line": 1,
    "elements": [
      {
        "BDD_TESTRUN_UUID": "1d8c5c9e-b8cc-46fa-a93c-e6197a8b2007",
        "line": 3,
        "name": "Register",
        "description": "",
        "id": "register-to-contactology;register",
        "type": "scenario",
        "keyword": "Scenario",
        "steps": [
          {
            "result": {
              "duration": 4687037552,
              "status": "passed"
            },
            "line": 4,
            "name": "I am on contactology",
            "match": {
              "location": "Login.goToWebsite()"
            },
            "keyword": "Given ",
            "BDD_STEP_UUID": "97056c01-5bd7-471b-9e59-b9f64c0078ed"
          },
          {
            "result": {
              "duration": 4020887182,
              "status": "passed"
            },
            "line": 5,
            "name": "I register to contactology",
            "match": {
              "location": "Register.IRegister()"
            },
            "keyword": "When ",
            "BDD_STEP_UUID": "1257a52c-1838-48a2-bd23-b804a7bb75ad"
          },
          {
            "result": {
              "error_message": "com.kms.katalon.core.exception.StepFailedException: Verify element text of test object \u0027Object Repository/Page_Contactology - main/h2_Contacts\u0027 FAILED.\n\tat com.kms.katalon.core.webui.keyword.internal.WebUIKeywordMain.stepFailed(WebUIKeywordMain.groovy:64)\n\tat com.kms.katalon.core.webui.keyword.internal.WebUIKeywordMain.runKeyword(WebUIKeywordMain.groovy:26)\n\tat com.kms.katalon.core.webui.keyword.builtin.VerifyElementTextKeyword.verifyElementText(VerifyElementTextKeyword.groovy:72)\n\tat com.kms.katalon.core.webui.keyword.builtin.VerifyElementTextKeyword.execute(VerifyElementTextKeyword.groovy:40)\n\tat com.kms.katalon.core.keyword.internal.KeywordExecutor.executeKeywordForPlatform(KeywordExecutor.groovy:73)\n\tat com.kms.katalon.core.webui.keyword.WebUiBuiltInKeywords.verifyElementText(WebUiBuiltInKeywords.groovy:4120)\n\tat com.kms.katalon.core.webui.keyword.WebUiBuiltInKeywords$verifyElementText$4.call(Unknown Source)\n\tat edu.ucf.irl.Login.confirmDashboard(Login.groovy:68)\n\tat âœ½.I should have access to dashboard(/Users/sebastiangilarranz/Katalon Studio/PCTE_Similar/Include/features/Register/Register-success.feature:6)\nCaused by: com.kms.katalon.core.exception.StepFailedException: com.kms.katalon.core.webui.exception.WebElementNotFoundException: Web element with id: \u0027Object Repository/Page_Contactology - main/h2_Contacts\u0027 located by \u0027//section[@id\u003d\u0027Contacts\u0027]/div/h2\u0027 not found\n\tat com.kms.katalon.core.webui.keyword.internal.WebUIKeywordMain.stepFailed(WebUIKeywordMain.groovy:64)\n\tat com.kms.katalon.core.webui.keyword.builtin.VerifyElementTextKeyword$_verifyElementText_closure1.doCall(VerifyElementTextKeyword.groovy:64)\n\tat com.kms.katalon.core.webui.keyword.builtin.VerifyElementTextKeyword$_verifyElementText_closure1.call(VerifyElementTextKeyword.groovy)\n\tat com.kms.katalon.core.webui.keyword.internal.WebUIKeywordMain.runKeyword(WebUIKeywordMain.groovy:20)\n\tat com.kms.katalon.core.webui.keyword.builtin.VerifyElementTextKeyword.verifyElementText(VerifyElementTextKeyword.groovy:72)\n\tat com.kms.katalon.core.webui.keyword.builtin.VerifyElementTextKeyword.execute(VerifyElementTextKeyword.groovy:40)\n\tat com.kms.katalon.core.keyword.internal.KeywordExecutor.executeKeywordForPlatform(KeywordExecutor.groovy:73)\n\tat com.kms.katalon.core.webui.keyword.WebUiBuiltInKeywords.verifyElementText(WebUiBuiltInKeywords.groovy:4120)\n\tat com.kms.katalon.core.webui.keyword.WebUiBuiltInKeywords$verifyElementText$4.call(Unknown Source)\n\tat edu.ucf.irl.Login.confirmDashboard(Login.groovy:68)\n\tat cucumber.runtime.Utils$1.call(Utils.java:26)\n\tat cucumber.runtime.Timeout.timeout(Timeout.java:16)\n\tat cucumber.runtime.Utils.invoke(Utils.java:20)\n\tat cucumber.runtime.java.JavaStepDefinition.execute(JavaStepDefinition.java:48)\n\tat cucumber.runtime.PickleStepDefinitionMatch.runStep(PickleStepDefinitionMatch.java:50)\n\tat cucumber.runner.TestStep.executeStep(TestStep.java:55)\n\tat cucumber.runner.TestStep.run(TestStep.java:42)\n\tat cucumber.runner.PickleStepTestStep.run(PickleStepTestStep.java:53)\n\tat cucumber.runner.TestCase.run(TestCase.java:47)\n\tat cucumber.runner.Runner.runPickle(Runner.java:44)\n\tat cucumber.runtime.Runtime.runFeature(Runtime.java:120)\n\tat cucumber.runtime.Runtime.run(Runtime.java:106)\n\tat cucumber.api.cli.Main.run(Main.java:35)\n\tat cucumber.api.cli.Main$run.call(Unknown Source)\n\tat com.kms.katalon.core.cucumber.keyword.CucumberBuiltinKeywords$_runFeatureFile_closure1.doCall(CucumberBuiltinKeywords.groovy:106)\n\tat com.kms.katalon.core.cucumber.keyword.CucumberBuiltinKeywords$_runFeatureFile_closure1.doCall(CucumberBuiltinKeywords.groovy)\n\tat com.kms.katalon.core.keyword.internal.KeywordMain.runKeyword(KeywordMain.groovy:68)\n\tat com.kms.katalon.core.keyword.internal.KeywordMain$runKeyword.call(Unknown Source)\n\tat com.kms.katalon.core.cucumber.keyword.CucumberBuiltinKeywords.runFeatureFile(CucumberBuiltinKeywords.groovy:73)\n\tat com.kms.katalon.core.cucumber.keyword.CucumberBuiltinKeywords$runFeatureFile$0.callStatic(Unknown Source)\n\tat com.kms.katalon.core.cucumber.keyword.CucumberBuiltinKeywords.runFeatureFile(CucumberBuiltinKeywords.groovy:246)\n\tat com.kms.katalon.core.cucumber.keyword.CucumberBuiltinKeywords$runFeatureFile.call(Unknown Source)\n\tat Register.run(Register:19)\n\tat com.kms.katalon.core.main.ScriptEngine.run(ScriptEngine.java:194)\n\tat com.kms.katalon.core.main.ScriptEngine.runScriptAsRawText(ScriptEngine.java:119)\n\tat com.kms.katalon.core.main.TestCaseExecutor.runScript(TestCaseExecutor.java:394)\n\tat com.kms.katalon.core.main.TestCaseExecutor.doExecute(TestCaseExecutor.java:385)\n\tat com.kms.katalon.core.main.TestCaseExecutor.processExecutionPhase(TestCaseExecutor.java:364)\n\tat com.kms.katalon.core.main.TestCaseExecutor.accessMainPhase(TestCaseExecutor.java:356)\n\tat com.kms.katalon.core.main.TestCaseExecutor.execute(TestCaseExecutor.java:251)\n\tat com.kms.katalon.core.main.TestSuiteExecutor.accessTestCaseMainPhase(TestSuiteExecutor.java:203)\n\tat com.kms.katalon.core.main.TestSuiteExecutor.accessTestSuiteMainPhase(TestSuiteExecutor.java:152)\n\tat com.kms.katalon.core.main.TestSuiteExecutor.execute(TestSuiteExecutor.java:95)\n\tat com.kms.katalon.core.main.TestCaseMain.startTestSuite(TestCaseMain.java:157)\n\tat com.kms.katalon.core.main.TestCaseMain$startTestSuite$0.call(Unknown Source)\n\tat TempTestSuite1611263795799.run(TempTestSuite1611263795799.groovy:39)\n",
              "duration": 6347653801,
              "status": "failed"
            },
            "line": 6,
            "name": "I should have access to dashboard",
            "match": {
              "location": "Login.confirmDashboard()"
            },
            "keyword": "Then ",
            "BDD_STEP_UUID": "b2a081ab-f246-4eeb-9a10-e3311d6f694a"
          }
        ]
      }
    ],
    "name": "Register to Contactology",
    "description": "",
    "id": "register-to-contactology",
    "keyword": "Feature",
    "uri": "/Users/sebastiangilarranz/Katalon Studio/PCTE_Similar/Include/features/Register/Register-success.feature",
    "tags": []
  }
]